19:01:37.492 [main] INFO  api.test.UserTests - Creating user with username: dara.bode
19:01:44.541 [main] INFO  api.test.UserTests - Retrieving user with username: dara.bode
19:01:47.802 [main] INFO  api.test.UserTests - Updating user with username: dara.bode
19:01:54.525 [main] INFO  api.test.UserTests - Deleting user with username: dara.bode
11:19:32.936 [main] INFO  api.test.UserTests - Creating user with username: lonny.wilkinson
11:19:40.271 [main] INFO  api.test.UserTests - Retrieving user with username: lonny.wilkinson
11:19:41.511 [main] INFO  api.test.UserTests - Updating user with username: lonny.wilkinson
11:19:48.151 [main] INFO  api.test.UserTests - Deleting user with username: lonny.wilkinson
11:20:51.857 [main] INFO  api.test.UserTests - Creating user with username: harriette.kris
11:20:58.838 [main] INFO  api.test.UserTests - Retrieving user with username: harriette.kris
11:21:00.275 [main] INFO  api.test.UserTests - Updating user with username: harriette.kris
11:21:06.786 [main] INFO  api.test.UserTests - Deleting user with username: harriette.kris
11:21:57.038 [main] INFO  api.test.UserTests - Creating user with username: enriqueta.bergnaum
11:22:03.996 [main] INFO  api.test.UserTests - Retrieving user with username: enriqueta.bergnaum
11:22:05.238 [main] INFO  api.test.UserTests - Updating user with username: enriqueta.bergnaum
11:22:11.838 [main] INFO  api.test.UserTests - Deleting user with username: enriqueta.bergnaum
11:23:27.509 [main] INFO  api.test.UserTests - Creating user with username: mechelle.hahn
11:23:34.681 [main] INFO  api.test.UserTests - Retrieving user with username: mechelle.hahn
11:23:37.963 [main] INFO  api.test.UserTests - Updating user with username: mechelle.hahn
11:23:44.580 [main] INFO  api.test.UserTests - Deleting user with username: mechelle.hahn
11:24:05.632 [main] INFO  api.test.UserTests - Creating user with username: vergie.oberbrunner
11:24:12.611 [main] INFO  api.test.UserTests - Retrieving user with username: vergie.oberbrunner
11:24:13.952 [main] INFO  api.test.UserTests - Updating user with username: vergie.oberbrunner
11:24:20.529 [main] INFO  api.test.UserTests - Deleting user with username: vergie.oberbrunner
11:25:22.041 [main] INFO  api.test.UserTests - Creating user with username: wilton.oberbrunner
11:25:29.195 [main] INFO  api.test.UserTests - Retrieving user with username: wilton.oberbrunner
11:25:30.540 [main] INFO  api.test.UserTests - Updating user with username: wilton.oberbrunner
11:25:37.256 [main] INFO  api.test.UserTests - Deleting user with username: wilton.oberbrunner
11:26:59.147 [main] INFO  api.test.UserTests - Creating user with username: seth.mertz
11:27:08.180 [main] INFO  api.test.UserTests - Retrieving user with username: seth.mertz
11:27:13.438 [main] INFO  api.test.UserTests - Updating user with username: seth.mertz
11:27:21.017 [main] INFO  api.test.UserTests - Deleting user with username: seth.mertz
11:36:27.277 [main] INFO  api.test.UserTests - Creating user with username: quincy.russel
11:36:36.419 [main] INFO  api.test.UserTests - Retrieving user with username: quincy.russel
11:36:37.704 [main] INFO  api.test.UserTests - Updating user with username: quincy.russel
11:36:45.269 [main] INFO  api.test.UserTests - Deleting user with username: quincy.russel
11:37:51.877 [main] INFO  api.test.UserTests - Creating user with username: lissette.cassin
11:38:01.003 [main] INFO  api.test.UserTests - Retrieving user with username: lissette.cassin
11:38:06.334 [main] INFO  api.test.UserTests - Updating user with username: lissette.cassin
11:38:14.018 [main] INFO  api.test.UserTests - Deleting user with username: lissette.cassin
11:39:12.212 [main] INFO  api.test.UserTests - Creating user with username: era.lemke
11:39:21.902 [main] INFO  api.test.UserTests - Retrieving user with username: era.lemke
11:39:27.244 [main] INFO  api.test.UserTests - Updating user with username: era.lemke
11:39:34.780 [main] INFO  api.test.UserTests - Deleting user with username: era.lemke
11:41:09.495 [main] INFO  api.test.UserTests - Creating user with username: bradford.weimann
11:41:18.573 [main] INFO  api.test.UserTests - Retrieving user with username: bradford.weimann
11:41:23.850 [main] INFO  api.test.UserTests - Deleting user with username: bradford.weimann
11:44:12.871 [main] INFO  api.test.UserTests - Creating user with username: may.collier
11:44:21.933 [main] INFO  api.test.UserTests - Deleting user with username: may.collier
11:44:55.618 [main] INFO  api.test.UserTests - Creating user with username: stephen.haag
11:45:04.749 [main] INFO  api.test.UserTests - Retrieving user with username: stephen.haag
11:45:10.133 [main] INFO  api.test.UserTests - Updating user with username: stephen.haag
11:45:14.681 [main] INFO  api.test.UserTests - Deleting user with username: stephen.haag
11:45:44.416 [main] INFO  api.test.UserTests - Creating user with username: gerald.rolfson
11:45:53.494 [main] INFO  api.test.UserTests - Retrieving user with username: gerald.rolfson
