11:45:54.762 [main] INFO  api.test.UserTests - Updating user with username: gerald.rolfson
11:46:02.408 [main] INFO  api.test.UserTests - Deleting user with username: gerald.rolfson
11:46:28.975 [main] INFO  api.test.UserTests - Creating user with username: karina.kreiger
11:46:38.066 [main] INFO  api.test.UserTests - Retrieving user with username: karina.kreiger
11:46:43.396 [main] INFO  api.test.UserTests - Updating user with username: karina.kreiger
11:46:50.916 [main] INFO  api.test.UserTests - Deleting user with username: karina.kreiger
11:50:16.629 [main] INFO  api.test.UserTests - Creating user with username: juliana.stoltenberg
11:50:26.023 [main] INFO  api.test.UserTests - Retrieving user with username: juliana.stoltenberg
11:50:27.276 [main] INFO  api.test.UserTests - Updating user with username: juliana.stoltenberg
11:50:31.817 [main] INFO  api.test.UserTests - Deleting user with username: juliana.stoltenberg
11:51:03.134 [main] INFO  api.test.UserTests - Creating user with username: gwen.barrows
11:51:12.205 [main] INFO  api.test.UserTests - Retrieving user with username: gwen.barrows
11:51:17.457 [main] INFO  api.test.UserTests - Updating user with username: gwen.barrows
11:51:22.114 [main] INFO  api.test.UserTests - Deleting user with username: gwen.barrows
11:51:53.813 [main] INFO  api.test.UserTests - Creating user with username: gilberto.mante
11:52:02.700 [main] INFO  api.test.UserTests - Retrieving user with username: gilberto.mante
11:52:07.956 [main] INFO  api.test.UserTests - Updating user with username: gilberto.mante
11:52:15.600 [main] INFO  api.test.UserTests - Deleting user with username: gilberto.mante
12:14:18.447 [main] INFO  api.test.UserTests - Creating user with username: jarvis.cronin
12:14:27.634 [main] INFO  api.test.UserTests - Retrieving user with username: jarvis.cronin
12:14:32.974 [main] INFO  api.test.UserTests - Updating user with username: jarvis.cronin
12:14:40.735 [main] INFO  api.test.UserTests - Deleting user with username: jarvis.cronin
12:15:34.241 [main] INFO  api.test.UserTests - Creating user with username: myrle.ankunding
12:15:43.443 [main] INFO  api.test.UserTests - Retrieving user with username: myrle.ankunding
12:15:48.885 [main] INFO  api.test.UserTests - Updating user with username: myrle.ankunding
12:15:56.475 [main] INFO  api.test.UserTests - Deleting user with username: myrle.ankunding
12:16:32.467 [main] INFO  api.test.UserTests - Creating user with username: wava.hane
12:16:41.624 [main] INFO  api.test.UserTests - Retrieving user with username: wava.hane
12:16:46.987 [main] INFO  api.test.UserTests - Updating user with username: wava.hane
12:16:51.552 [main] INFO  api.test.UserTests - Deleting user with username: wava.hane
11:09:19.181 [main] INFO  api.test.UserTests - Creating user with username: ellis.considine
11:09:28.724 [main] INFO  api.test.UserTests - Retrieving user with username: ellis.considine
11:09:34.027 [main] INFO  api.test.UserTests - Updating user with username: ellis.considine
11:09:38.659 [main] INFO  api.test.UserTests - Deleting user with username: ellis.considine
11:19:40.941 [main] INFO  api.test.UserTests - Creating user with username: dinorah.rohan
11:19:50.805 [main] INFO  api.test.UserTests - Retrieving user with username: dinorah.rohan
11:19:56.214 [main] INFO  api.test.UserTests - Updating user with username: dinorah.rohan
11:20:03.868 [main] INFO  api.test.UserTests - Deleting user with username: dinorah.rohan
